# JRE version: OpenJDK Runtime Environment Temurin-21.0.12.1+1 (21.0.12.1+1) (build 21.0.12.1+1-LTS)
# Java VM: OpenJDK 64-Bit Server VM Temurin-21.0.12.1+1 (21.0.12.1+1-LTS, mixed mode, sharing, tiered, compressed oops, compressed class ptrs, parallel gc, windows-amd64)
GC Precious Log:
 CardTable entry size: 512
 CPUs: 16 total, 16 available
 Memory: 14182M
 Large Page Support: Disabled
 NUMA Support: Disabled
 Compressed Oops: Enabled (32-bit)
 Alignments: Space 512K, Generation 512K, Heap 2M
 Heap Min Capacity: 100M
 Heap Initial Capacity: 100M
 Heap Max Capacity: 2G
 Pre-touch: Disabled
 Parallel Workers: 13
Heap:
 PSYoungGen      total 9216K, used 6451K [0x00000000d5580000, 0x00000000d6200000, 0x0000000100000000)
  eden space 7168K, 68% used [0x00000000d5580000,0x00000000d5a44e58,0x00000000d5c80000)
  from space 2048K, 76% used [0x00000000d6000000,0x00000000d6188000,0x00000000d6200000)
  to   space 2048K, 0% used [0x00000000d5e00000,0x00000000d5e00000,0x00000000d6000000)
 ParOldGen       total 178688K, used 178495K [0x0000000080000000, 0x000000008ae80000, 0x00000000d5580000)
  object space 178688K, 99% used [0x0000000080000000,0x000000008ae4fde8,0x000000008ae80000)
 Metaspace       used 76728K, committed 78976K, reserved 1179648K
  class space    used 9116K, committed 10176K, reserved 1048576K
GC Heap History (20 events):
Event: 90.718 GC heap before
{Heap before GC invocations=234 (full 3):
 PSYoungGen      total 9728K, used 9664K [0x00000000d5580000, 0x00000000d6180000, 0x0000000100000000)
  eden space 9216K, 100% used [0x00000000d5580000,0x00000000d5e80000,0x00000000d5e80000)
  from space 512K, 87% used [0x00000000d6100000,0x00000000d6170020,0x00000000d6180000)
  to   space 1024K, 0% used [0x00000000d5f80000,0x00000000d5f80000,0x00000000d6080000)
 ParOldGen       total 166912K, used 166402K [0x0000000080000000, 0x000000008a300000, 0x00000000d5580000)
  object space 166912K, 99% used [0x0000000080000000,0x000000008a280a68,0x000000008a300000)
 Metaspace       used 76076K, committed 78336K, reserved 1179648K
  class space    used 9050K, committed 10112K, reserved 1048576K
}
Event: 90.722 GC heap after
{Heap after GC invocations=234 (full 3):
 PSYoungGen      total 10240K, used 1010K [0x00000000d5580000, 0x00000000d6480000, 0x0000000100000000)
  eden space 9216K, 0% used [0x00000000d5580000,0x00000000d5580000,0x00000000d5e80000)
  from space 1024K, 98% used [0x00000000d5f80000,0x00000000d607c930,0x00000000d6080000)
  to   space 3072K, 0% used [0x00000000d6180000,0x00000000d6180000,0x00000000d6480000)
 ParOldGen       total 167936K, used 167858K [0x0000000080000000, 0x000000008a400000, 0x00000000d5580000)
  object space 167936K, 99% used [0x0000000080000000,0x000000008a3eca98,0x000000008a400000)
 Metaspace       used 76076K, committed 78336K, reserved 1179648K
  class space    used 9050K, committed 10112K, reserved 1048576K
}
Event: 90.858 GC heap before
{Heap before GC invocations=235 (full 3):
 PSYoungGen      total 10240K, used 10226K [0x00000000d5580000, 0x00000000d6480000, 0x0000000100000000)
  eden space 9216K, 99% used [0x00000000d5580000,0x00000000d5e7ffa0,0x00000000d5e80000)
  from space 1024K, 98% used [0x00000000d5f80000,0x00000000d607c930,0x00000000d6080000)
  to   space 3072K, 0% used [0x00000000d6180000,0x00000000d6180000,0x00000000d6480000)
 ParOldGen       total 167936K, used 167858K [0x0000000080000000, 0x000000008a400000, 0x00000000d5580000)
  object space 167936K, 99% used [0x0000000080000000,0x000000008a3eca98,0x000000008a400000)
 Metaspace       used 76183K, committed 78400K, reserved 1179648K
  class space    used 9064K, committed 10112K, reserved 1048576K
}
Event: 90.860 GC heap after
{Heap after GC invocations=235 (full 3):
 PSYoungGen      total 10240K, used 624K [0x00000000d5580000, 0x00000000d6280000, 0x0000000100000000)
  eden space 9216K, 0% used [0x00000000d5580000,0x00000000d5580000,0x00000000d5e80000)
  from space 1024K, 60% used [0x00000000d6180000,0x00000000d621c010,0x00000000d6280000)
  to   space 1536K, 0% used [0x00000000d5f80000,0x00000000d5f80000,0x00000000d6100000)
 ParOldGen       total 168448K, used 168218K [0x0000000080000000, 0x000000008a480000, 0x00000000d5580000)
  object space 168448K, 99% used [0x0000000080000000,0x000000008a446ac8,0x000000008a480000)
 Metaspace       used 76183K, committed 78400K, reserved 1179648K
  class space    used 9064K, committed 10112K, reserved 1048576K
}
Event: 90.951 GC heap before
{Heap before GC invocations=236 (full 3):
 PSYoungGen      total 10240K, used 9840K [0x00000000d5580000, 0x00000000d6280000, 0x0000000100000000)
  eden space 9216K, 100% used [0x00000000d5580000,0x00000000d5e80000,0x00000000d5e80000)
  from space 1024K, 60% used [0x00000000d6180000,0x00000000d621c010,0x00000000d6280000)
  to   space 1536K, 0% used [0x00000000d5f80000,0x00000000d5f80000,0x00000000d6100000)
 ParOldGen       total 168448K, used 168218K [0x0000000080000000, 0x000000008a480000, 0x00000000d5580000)
  object space 168448K, 99% used [0x0000000080000000,0x000000008a446ac8,0x000000008a480000)
 Metaspace       used 76228K, committed 78464K, reserved 1179648K
  class space    used 9068K, committed 10112K, reserved 1048576K
}
Event: 90.956 GC heap after
{Heap after GC invocations=236 (full 3):
 PSYoungGen      total 10752K, used 1525K [0x00000000d5580000, 0x00000000d6b80000, 0x0000000100000000)
  eden space 9216K, 0% used [0x00000000d5580000,0x00000000d5580000,0x00000000d5e80000)
  from space 1536K, 99% used [0x00000000d5f80000,0x00000000d60fd5a0,0x00000000d6100000)
  to   space 6656K, 0% used [0x00000000d6500000,0x00000000d6500000,0x00000000d6b80000)
 ParOldGen       total 172544K, used 172086K [0x0000000080000000, 0x000000008a880000, 0x00000000d5580000)
  object space 172544K, 99% used [0x0000000080000000,0x000000008a80db08,0x000000008a880000)
 Metaspace       used 76228K, committed 78464K, reserved 1179648K
  class space    used 9068K, committed 10112K, reserved 1048576K
}
Event: 91.028 GC heap before
{Heap before GC invocations=237 (full 3):
 PSYoungGen      total 10752K, used 10741K [0x00000000d5580000, 0x00000000d6b80000, 0x0000000100000000)
  eden space 9216K, 100% used [0x00000000d5580000,0x00000000d5e80000,0x00000000d5e80000)
  from space 1536K, 99% used [0x00000000d5f80000,0x00000000d60fd5a0,0x00000000d6100000)
  to   space 6656K, 0% used [0x00000000d6500000,0x00000000d6500000,0x00000000d6b80000)
 ParOldGen       total 172544K, used 172086K [0x0000000080000000, 0x000000008a880000, 0x00000000d5580000)
  object space 172544K, 99% used [0x0000000080000000,0x000000008a80db08,0x000000008a880000)
 Metaspace       used 76277K, committed 78464K, reserved 1179648K
  class space    used 9077K, committed 10112K, reserved 1048576K
}
Event: 91.034 GC heap after
{Heap after GC invocations=237 (full 3):
 PSYoungGen      total 12800K, used 3225K [0x00000000d5580000, 0x00000000d6880000, 0x0000000100000000)
  eden space 9216K, 0% used [0x00000000d5580000,0x00000000d5580000,0x00000000d5e80000)
  from space 3584K, 89% used [0x00000000d6500000,0x00000000d6826498,0x00000000d6880000)
  to   space 4096K, 0% used [0x00000000d6080000,0x00000000d6080000,0x00000000d6480000)
 ParOldGen       total 173568K, used 173110K [0x0000000080000000, 0x000000008a980000, 0x00000000d5580000)
  object space 173568K, 99% used [0x0000000080000000,0x000000008a90d888,0x000000008a980000)
 Metaspace       used 76277K, committed 78464K, reserved 1179648K
  class space    used 9077K, committed 10112K, reserved 1048576K
}
Event: 91.081 GC heap before
{Heap before GC invocations=238 (full 3):
 PSYoungGen      total 12800K, used 12441K [0x00000000d5580000, 0x00000000d6880000, 0x0000000100000000)
  eden space 9216K, 100% used [0x00000000d5580000,0x00000000d5e80000,0x00000000d5e80000)
  from space 3584K, 89% used [0x00000000d6500000,0x00000000d6826498,0x00000000d6880000)
  to   space 4096K, 0% used [0x00000000d6080000,0x00000000d6080000,0x00000000d6480000)
 ParOldGen       total 173568K, used 173110K [0x0000000080000000, 0x000000008a980000, 0x00000000d5580000)
  object space 173568K, 99% used [0x0000000080000000,0x000000008a90d888,0x000000008a980000)
 Metaspace       used 76372K, committed 78528K, reserved 1179648K
  class space    used 9083K, committed 10112K, reserved 1048576K
}
Event: 91.084 GC heap after
{Heap after GC invocations=238 (full 3):
 PSYoungGen      total 11264K, used 1779K [0x00000000d5580000, 0x00000000d6580000, 0x0000000100000000)
  eden space 9216K, 0% used [0x00000000d5580000,0x00000000d5580000,0x00000000d5e80000)
  from space 2048K, 86% used [0x00000000d6080000,0x00000000d623cca0,0x00000000d6280000)
  to   space 2560K, 0% used [0x00000000d6300000,0x00000000d6300000,0x00000000d6580000)
 ParOldGen       total 174080K, used 173950K [0x0000000080000000, 0x000000008aa00000, 0x00000000d5580000)
  object space 174080K, 99% used [0x0000000080000000,0x000000008a9df8b8,0x000000008aa00000)
 Metaspace       used 76372K, committed 78528K, reserved 1179648K
  class space    used 9083K, committed 10112K, reserved 1048576K
}
Event: 91.311 GC heap before
{Heap before GC invocations=239 (full 3):
 PSYoungGen      total 11264K, used 10995K [0x00000000d5580000, 0x00000000d6580000, 0x0000000100000000)
  eden space 9216K, 100% used [0x00000000d5580000,0x00000000d5e80000,0x00000000d5e80000)
  from space 2048K, 86% used [0x00000000d6080000,0x00000000d623cca0,0x00000000d6280000)
  to   space 2560K, 0% used [0x00000000d6300000,0x00000000d6300000,0x00000000d6580000)
 ParOldGen       total 174080K, used 173950K [0x0000000080000000, 0x000000008aa00000, 0x00000000d5580000)
  object space 174080K, 99% used [0x0000000080000000,0x000000008a9df8b8,0x000000008aa00000)
 Metaspace       used 76506K, committed 78784K, reserved 1179648K
  class space    used 9098K, committed 10176K, reserved 1048576K
}
Event: 91.315 GC heap after
{Heap after GC invocations=239 (full 3):
 PSYoungGen      total 11776K, used 2535K [0x00000000d5580000, 0x00000000d6780000, 0x0000000100000000)
  eden space 9216K, 0% used [0x00000000d5580000,0x00000000d5580000,0x00000000d5e80000)
  from space 2560K, 99% used [0x00000000d6300000,0x00000000d6579d58,0x00000000d6580000)
  to   space 4608K, 0% used [0x00000000d5e80000,0x00000000d5e80000,0x00000000d6300000)
 ParOldGen       total 175616K, used 175550K [0x0000000080000000, 0x000000008ab80000, 0x00000000d5580000)
  object space 175616K, 99% used [0x0000000080000000,0x000000008ab6f8b8,0x000000008ab80000)
 Metaspace       used 76506K, committed 78784K, reserved 1179648K
  class space    used 9098K, committed 10176K, reserved 1048576K
}
Event: 91.538 GC heap before
{Heap before GC invocations=240 (full 3):
 PSYoungGen      total 11776K, used 11751K [0x00000000d5580000, 0x00000000d6780000, 0x0000000100000000)
  eden space 9216K, 100% used [0x00000000d5580000,0x00000000d5e80000,0x00000000d5e80000)
  from space 2560K, 99% used [0x00000000d6300000,0x00000000d6579d58,0x00000000d6580000)
  to   space 4608K, 0% used [0x00000000d5e80000,0x00000000d5e80000,0x00000000d6300000)
 ParOldGen       total 175616K, used 175550K [0x0000000080000000, 0x000000008ab80000, 0x00000000d5580000)
  object space 175616K, 99% used [0x0000000080000000,0x000000008ab6f8b8,0x000000008ab80000)
 Metaspace       used 76609K, committed 78848K, reserved 1179648K
  class space    used 9105K, committed 10176K, reserved 1048576K
}
Event: 91.545 GC heap after
{Heap after GC invocations=240 (full 3):
 PSYoungGen      total 10240K, used 672K [0x00000000d5580000, 0x00000000d6380000, 0x0000000100000000)
  eden space 9216K, 0% used [0x00000000d5580000,0x00000000d5580000,0x00000000d5e80000)
  from space 1024K, 65% used [0x00000000d5e80000,0x00000000d5f28000,0x00000000d5f80000)
  to   space 2048K, 0% used [0x00000000d6180000,0x00000000d6180000,0x00000000d6380000)
 ParOldGen       total 176128K, used 175774K [0x0000000080000000, 0x000000008ac00000, 0x00000000d5580000)
  object space 176128K, 99% used [0x0000000080000000,0x000000008aba78f8,0x000000008ac00000)
 Metaspace       used 76609K, committed 78848K, reserved 1179648K
  class space    used 9105K, committed 10176K, reserved 1048576K
}
Event: 91.877 GC heap before
{Heap before GC invocations=241 (full 3):
 PSYoungGen      total 10240K, used 9887K [0x00000000d5580000, 0x00000000d6380000, 0x0000000100000000)
  eden space 9216K, 99% used [0x00000000d5580000,0x00000000d5e7fff0,0x00000000d5e80000)
  from space 1024K, 65% used [0x00000000d5e80000,0x00000000d5f28000,0x00000000d5f80000)
  to   space 2048K, 0% used [0x00000000d6180000,0x00000000d6180000,0x00000000d6380000)
 ParOldGen       total 176128K, used 175774K [0x0000000080000000, 0x000000008ac00000, 0x00000000d5580000)
  object space 176128K, 99% used [0x0000000080000000,0x000000008aba78f8,0x000000008ac00000)
 Metaspace       used 76610K, committed 78848K, reserved 1179648K
  class space    used 9105K, committed 10176K, reserved 1048576K
}
Event: 91.881 GC heap after
{Heap after GC invocations=241 (full 3):
 PSYoungGen      total 9216K, used 2036K [0x00000000d5580000, 0x00000000d6880000, 0x0000000100000000)
  eden space 7168K, 0% used [0x00000000d5580000,0x00000000d5580000,0x00000000d5c80000)
  from space 2048K, 99% used [0x00000000d6180000,0x00000000d637d120,0x00000000d6380000)
  to   space 5120K, 0% used [0x00000000d5c80000,0x00000000d5c80000,0x00000000d6180000)
 ParOldGen       total 178176K, used 178031K [0x0000000080000000, 0x000000008ae00000, 0x00000000d5580000)
  object space 178176K, 99% used [0x0000000080000000,0x000000008addbdb8,0x000000008ae00000)
 Metaspace       used 76610K, committed 78848K, reserved 1179648K
  class space    used 9105K, committed 10176K, reserved 1048576K
}
Event: 91.950 GC heap before
{Heap before GC invocations=242 (full 3):
 PSYoungGen      total 9216K, used 9204K [0x00000000d5580000, 0x00000000d6880000, 0x0000000100000000)
  eden space 7168K, 99% used [0x00000000d5580000,0x00000000d5c7ffe0,0x00000000d5c80000)
  from space 2048K, 99% used [0x00000000d6180000,0x00000000d637d120,0x00000000d6380000)
  to   space 5120K, 0% used [0x00000000d5c80000,0x00000000d5c80000,0x00000000d6180000)
 ParOldGen       total 178176K, used 178031K [0x0000000080000000, 0x000000008ae00000, 0x00000000d5580000)
  object space 178176K, 99% used [0x0000000080000000,0x000000008addbdb8,0x000000008ae00000)
 Metaspace       used 76616K, committed 78912K, reserved 1179648K
  class space    used 9105K, committed 10176K, reserved 1048576K
}
Event: 91.953 GC heap after
{Heap after GC invocations=242 (full 3):
 PSYoungGen      total 8192K, used 672K [0x00000000d5580000, 0x00000000d6200000, 0x0000000100000000)
  eden space 7168K, 0% used [0x00000000d5580000,0x00000000d5580000,0x00000000d5c80000)
  from space 1024K, 65% used [0x00000000d5c80000,0x00000000d5d28020,0x00000000d5d80000)
  to   space 2048K, 0% used [0x00000000d6000000,0x00000000d6000000,0x00000000d6200000)
 ParOldGen       total 178176K, used 178095K [0x0000000080000000, 0x000000008ae00000, 0x00000000d5580000)
  object space 178176K, 99% used [0x0000000080000000,0x000000008adebdb8,0x000000008ae00000)
 Metaspace       used 76616K, committed 78912K, reserved 1179648K
  class space    used 9105K, committed 10176K, reserved 1048576K
}
Event: 93.118 GC heap before
{Heap before GC invocations=243 (full 3):
 PSYoungGen      total 8192K, used 7839K [0x00000000d5580000, 0x00000000d6200000, 0x0000000100000000)
  eden space 7168K, 99% used [0x00000000d5580000,0x00000000d5c7ff88,0x00000000d5c80000)
  from space 1024K, 65% used [0x00000000d5c80000,0x00000000d5d28020,0x00000000d5d80000)
  to   space 2048K, 0% used [0x00000000d6000000,0x00000000d6000000,0x00000000d6200000)
 ParOldGen       total 178176K, used 178095K [0x0000000080000000, 0x000000008ae00000, 0x00000000d5580000)
  object space 178176K, 99% used [0x0000000080000000,0x000000008adebdb8,0x000000008ae00000)
 Metaspace       used 76667K, committed 78912K, reserved 1179648K
  class space    used 9105K, committed 10176K, reserved 1048576K
}
Event: 93.128 GC heap after
{Heap after GC invocations=243 (full 3):
 PSYoungGen      total 9216K, used 1568K [0x00000000d5580000, 0x00000000d6200000, 0x0000000100000000)
  eden space 7168K, 0% used [0x00000000d5580000,0x00000000d5580000,0x00000000d5c80000)
  from space 2048K, 76% used [0x00000000d6000000,0x00000000d6188000,0x00000000d6200000)
  to   space 2048K, 0% used [0x00000000d5e00000,0x00000000d5e00000,0x00000000d6000000)
 ParOldGen       total 178688K, used 178495K [0x0000000080000000, 0x000000008ae80000, 0x00000000d5580000)
  object space 178688K, 99% used [0x0000000080000000,0x000000008ae4fde8,0x000000008ae80000)
 Metaspace       used 76667K, committed 78912K, reserved 1179648K
  class space    used 9105K, committed 10176K, reserved 1048576K
}

