# JRE version: OpenJDK Runtime Environment Temurin-21.0.12.1+1 (21.0.12.1+1) (build 21.0.12.1+1-LTS)
# Java VM: OpenJDK 64-Bit Server VM Temurin-21.0.12.1+1 (21.0.12.1+1-LTS, mixed mode, sharing, tiered, compressed oops, compressed class ptrs, parallel gc, windows-amd64)
GC Precious Log:
 CardTable entry size: 512
 CPUs: 16 total, 16 available
 Memory: 14182M
 Large Page Support: Disabled
 NUMA Support: Disabled
 Compressed Oops: Enabled (32-bit)
 Alignments: Space 512K, Generation 512K, Heap 2M
 Heap Min Capacity: 100M
 Heap Initial Capacity: 100M
 Heap Max Capacity: 2G
 Pre-touch: Disabled
 Parallel Workers: 13
Heap:
 PSYoungGen      total 20992K, used 2530K [0x00000000d5580000, 0x00000000d6b80000, 0x0000000100000000)
  eden space 20480K, 9% used [0x00000000d5580000,0x00000000d577c030,0x00000000d6980000)
  from space 512K, 97% used [0x00000000d6b00000,0x00000000d6b7cab8,0x00000000d6b80000)
  to   space 1024K, 0% used [0x00000000d6a00000,0x00000000d6a00000,0x00000000d6b00000)
 ParOldGen       total 68608K, used 44508K [0x0000000080000000, 0x0000000084300000, 0x00000000d5580000)
  object space 68608K, 64% used [0x0000000080000000,0x0000000082b770c8,0x0000000084300000)
 Metaspace       used 61067K, committed 62336K, reserved 1114112K
  class space    used 6658K, committed 7232K, reserved 1048576K
GC Heap History (20 events):
Event: 39.233 GC heap after
{Heap after GC invocations=29 (full 2):
 PSYoungGen      total 23552K, used 2272K [0x00000000d5580000, 0x00000000d6f80000, 0x0000000100000000)
  eden space 20992K, 0% used [0x00000000d5580000,0x00000000d5580000,0x00000000d6a00000)
  from space 2560K, 88% used [0x00000000d6b80000,0x00000000d6db8010,0x00000000d6e00000)
  to   space 1536K, 0% used [0x00000000d6e00000,0x00000000d6e00000,0x00000000d6f80000)
 ParOldGen       total 68608K, used 38813K [0x0000000080000000, 0x0000000084300000, 0x00000000d5580000)
  object space 68608K, 56% used [0x0000000080000000,0x00000000825e76e8,0x0000000084300000)
 Metaspace       used 56095K, committed 57344K, reserved 1114112K
  class space    used 6211K, committed 6848K, reserved 1048576K
}
Event: 39.390 GC heap before
{Heap before GC invocations=30 (full 2):
 PSYoungGen      total 23552K, used 23264K [0x00000000d5580000, 0x00000000d6f80000, 0x0000000100000000)
  eden space 20992K, 100% used [0x00000000d5580000,0x00000000d6a00000,0x00000000d6a00000)
  from space 2560K, 88% used [0x00000000d6b80000,0x00000000d6db8010,0x00000000d6e00000)
  to   space 1536K, 0% used [0x00000000d6e00000,0x00000000d6e00000,0x00000000d6f80000)
 ParOldGen       total 68608K, used 38813K [0x0000000080000000, 0x0000000084300000, 0x00000000d5580000)
  object space 68608K, 56% used [0x0000000080000000,0x00000000825e76e8,0x0000000084300000)
 Metaspace       used 56159K, committed 57408K, reserved 1114112K
  class space    used 6216K, committed 6848K, reserved 1048576K
}
Event: 39.394 GC heap after
{Heap after GC invocations=30 (full 2):
 PSYoungGen      total 22016K, used 1528K [0x00000000d5580000, 0x00000000d7300000, 0x0000000100000000)
  eden space 20480K, 0% used [0x00000000d5580000,0x00000000d5580000,0x00000000d6980000)
  from space 1536K, 99% used [0x00000000d6e00000,0x00000000d6f7e200,0x00000000d6f80000)
  to   space 4608K, 0% used [0x00000000d6980000,0x00000000d6980000,0x00000000d6e00000)
 ParOldGen       total 68608K, used 41317K [0x0000000080000000, 0x0000000084300000, 0x00000000d5580000)
  object space 68608K, 60% used [0x0000000080000000,0x00000000828596f8,0x0000000084300000)
 Metaspace       used 56159K, committed 57408K, reserved 1114112K
  class space    used 6216K, committed 6848K, reserved 1048576K
}
Event: 41.923 GC heap before
{Heap before GC invocations=31 (full 2):
 PSYoungGen      total 22016K, used 21972K [0x00000000d5580000, 0x00000000d7300000, 0x0000000100000000)
  eden space 20480K, 99% used [0x00000000d5580000,0x00000000d6976ea0,0x00000000d6980000)
  from space 1536K, 99% used [0x00000000d6e00000,0x00000000d6f7e200,0x00000000d6f80000)
  to   space 4608K, 0% used [0x00000000d6980000,0x00000000d6980000,0x00000000d6e00000)
 ParOldGen       total 68608K, used 41317K [0x0000000080000000, 0x0000000084300000, 0x00000000d5580000)
  object space 68608K, 60% used [0x0000000080000000,0x00000000828596f8,0x0000000084300000)
 Metaspace       used 57355K, committed 58624K, reserved 1114112K
  class space    used 6304K, committed 6912K, reserved 1048576K
}
Event: 41.938 GC heap after
{Heap after GC invocations=31 (full 2):
 PSYoungGen      total 21504K, used 928K [0x00000000d5580000, 0x00000000d6e80000, 0x0000000100000000)
  eden space 20480K, 0% used [0x00000000d5580000,0x00000000d5580000,0x00000000d6980000)
  from space 1024K, 90% used [0x00000000d6980000,0x00000000d6a68000,0x00000000d6a80000)
  to   space 2560K, 0% used [0x00000000d6c00000,0x00000000d6c00000,0x00000000d6e80000)
 ParOldGen       total 68608K, used 42878K [0x0000000080000000, 0x0000000084300000, 0x00000000d5580000)
  object space 68608K, 62% used [0x0000000080000000,0x00000000829df8f8,0x0000000084300000)
 Metaspace       used 57355K, committed 58624K, reserved 1114112K
  class space    used 6304K, committed 6912K, reserved 1048576K
}
Event: 46.194 GC heap before
{Heap before GC invocations=32 (full 2):
 PSYoungGen      total 21504K, used 11855K [0x00000000d5580000, 0x00000000d6e80000, 0x0000000100000000)
  eden space 20480K, 53% used [0x00000000d5580000,0x00000000d602be28,0x00000000d6980000)
  from space 1024K, 90% used [0x00000000d6980000,0x00000000d6a68000,0x00000000d6a80000)
  to   space 2560K, 0% used [0x00000000d6c00000,0x00000000d6c00000,0x00000000d6e80000)
 ParOldGen       total 68608K, used 42878K [0x0000000080000000, 0x0000000084300000, 0x00000000d5580000)
  object space 68608K, 62% used [0x0000000080000000,0x00000000829df8f8,0x0000000084300000)
 Metaspace       used 58570K, committed 59776K, reserved 1114112K
  class space    used 6409K, committed 6976K, reserved 1048576K
}
Event: 46.238 GC heap after
{Heap after GC invocations=32 (full 2):
 PSYoungGen      total 21504K, used 557K [0x00000000d5580000, 0x00000000d6d00000, 0x0000000100000000)
  eden space 20480K, 0% used [0x00000000d5580000,0x00000000d5580000,0x00000000d6980000)
  from space 1024K, 54% used [0x00000000d6c00000,0x00000000d6c8b780,0x00000000d6d00000)
  to   space 1024K, 0% used [0x00000000d6980000,0x00000000d6980000,0x00000000d6a80000)
 ParOldGen       total 68608K, used 43571K [0x0000000080000000, 0x0000000084300000, 0x00000000d5580000)
  object space 68608K, 63% used [0x0000000080000000,0x0000000082a8cc50,0x0000000084300000)
 Metaspace       used 58570K, committed 59776K, reserved 1114112K
  class space    used 6409K, committed 6976K, reserved 1048576K
}
Event: 46.238 GC heap before
{Heap before GC invocations=33 (full 3):
 PSYoungGen      total 21504K, used 557K [0x00000000d5580000, 0x00000000d6d00000, 0x0000000100000000)
  eden space 20480K, 0% used [0x00000000d5580000,0x00000000d5580000,0x00000000d6980000)
  from space 1024K, 54% used [0x00000000d6c00000,0x00000000d6c8b780,0x00000000d6d00000)
  to   space 1024K, 0% used [0x00000000d6980000,0x00000000d6980000,0x00000000d6a80000)
 ParOldGen       total 68608K, used 43571K [0x0000000080000000, 0x0000000084300000, 0x00000000d5580000)
  object space 68608K, 63% used [0x0000000080000000,0x0000000082a8cc50,0x0000000084300000)
 Metaspace       used 58570K, committed 59776K, reserved 1114112K
  class space    used 6409K, committed 6976K, reserved 1048576K
}
Event: 46.374 GC heap after
{Heap after GC invocations=33 (full 3):
 PSYoungGen      total 21504K, used 0K [0x00000000d5580000, 0x00000000d6d00000, 0x0000000100000000)
  eden space 20480K, 0% used [0x00000000d5580000,0x00000000d5580000,0x00000000d6980000)
  from space 1024K, 0% used [0x00000000d6c00000,0x00000000d6c00000,0x00000000d6d00000)
  to   space 1024K, 0% used [0x00000000d6980000,0x00000000d6980000,0x00000000d6a80000)
 ParOldGen       total 68608K, used 41194K [0x0000000080000000, 0x0000000084300000, 0x00000000d5580000)
  object space 68608K, 60% used [0x0000000080000000,0x000000008283a820,0x0000000084300000)
 Metaspace       used 58567K, committed 59776K, reserved 1114112K
  class space    used 6408K, committed 6976K, reserved 1048576K
}
Event: 47.320 GC heap before
{Heap before GC invocations=34 (full 3):
 PSYoungGen      total 21504K, used 20480K [0x00000000d5580000, 0x00000000d6d00000, 0x0000000100000000)
  eden space 20480K, 100% used [0x00000000d5580000,0x00000000d6980000,0x00000000d6980000)
  from space 1024K, 0% used [0x00000000d6c00000,0x00000000d6c00000,0x00000000d6d00000)
  to   space 1024K, 0% used [0x00000000d6980000,0x00000000d6980000,0x00000000d6a80000)
 ParOldGen       total 68608K, used 41194K [0x0000000080000000, 0x0000000084300000, 0x00000000d5580000)
  object space 68608K, 60% used [0x0000000080000000,0x000000008283a820,0x0000000084300000)
 Metaspace       used 59419K, committed 60736K, reserved 1114112K
  class space    used 6490K, committed 7104K, reserved 1048576K
}
Event: 47.323 GC heap after
{Heap after GC invocations=34 (full 3):
 PSYoungGen      total 21504K, used 1001K [0x00000000d5580000, 0x00000000d6d80000, 0x0000000100000000)
  eden space 20480K, 0% used [0x00000000d5580000,0x00000000d5580000,0x00000000d6980000)
  from space 1024K, 97% used [0x00000000d6980000,0x00000000d6a7a728,0x00000000d6a80000)
  to   space 2048K, 0% used [0x00000000d6b80000,0x00000000d6b80000,0x00000000d6d80000)
 ParOldGen       total 68608K, used 41597K [0x0000000080000000, 0x0000000084300000, 0x00000000d5580000)
  object space 68608K, 60% used [0x0000000080000000,0x000000008289f608,0x0000000084300000)
 Metaspace       used 59419K, committed 60736K, reserved 1114112K
  class space    used 6490K, committed 7104K, reserved 1048576K
}
Event: 47.988 GC heap before
{Heap before GC invocations=35 (full 3):
 PSYoungGen      total 21504K, used 21481K [0x00000000d5580000, 0x00000000d6d80000, 0x0000000100000000)
  eden space 20480K, 100% used [0x00000000d5580000,0x00000000d6980000,0x00000000d6980000)
  from space 1024K, 97% used [0x00000000d6980000,0x00000000d6a7a728,0x00000000d6a80000)
  to   space 2048K, 0% used [0x00000000d6b80000,0x00000000d6b80000,0x00000000d6d80000)
 ParOldGen       total 68608K, used 41597K [0x0000000080000000, 0x0000000084300000, 0x00000000d5580000)
  object space 68608K, 60% used [0x0000000080000000,0x000000008289f608,0x0000000084300000)
 Metaspace       used 59456K, committed 60736K, reserved 1114112K
  class space    used 6498K, committed 7104K, reserved 1048576K
}
Event: 47.996 GC heap after
{Heap after GC invocations=35 (full 3):
 PSYoungGen      total 22016K, used 1130K [0x00000000d5580000, 0x00000000d6d00000, 0x0000000100000000)
  eden space 20480K, 0% used [0x00000000d5580000,0x00000000d5580000,0x00000000d6980000)
  from space 1536K, 73% used [0x00000000d6b80000,0x00000000d6c9a9a8,0x00000000d6d00000)
  to   space 1536K, 0% used [0x00000000d6a00000,0x00000000d6a00000,0x00000000d6b80000)
 ParOldGen       total 68608K, used 42187K [0x0000000080000000, 0x0000000084300000, 0x00000000d5580000)
  object space 68608K, 61% used [0x0000000080000000,0x0000000082932e28,0x0000000084300000)
 Metaspace       used 59456K, committed 60736K, reserved 1114112K
  class space    used 6498K, committed 7104K, reserved 1048576K
}
Event: 58.910 GC heap before
{Heap before GC invocations=36 (full 3):
 PSYoungGen      total 22016K, used 21610K [0x00000000d5580000, 0x00000000d6d00000, 0x0000000100000000)
  eden space 20480K, 100% used [0x00000000d5580000,0x00000000d6980000,0x00000000d6980000)
  from space 1536K, 73% used [0x00000000d6b80000,0x00000000d6c9a9a8,0x00000000d6d00000)
  to   space 1536K, 0% used [0x00000000d6a00000,0x00000000d6a00000,0x00000000d6b80000)
 ParOldGen       total 68608K, used 42187K [0x0000000080000000, 0x0000000084300000, 0x00000000d5580000)
  object space 68608K, 61% used [0x0000000080000000,0x0000000082932e28,0x0000000084300000)
 Metaspace       used 60868K, committed 62208K, reserved 1114112K
  class space    used 6625K, committed 7232K, reserved 1048576K
}
Event: 58.913 GC heap after
{Heap after GC invocations=36 (full 3):
 PSYoungGen      total 21504K, used 765K [0x00000000d5580000, 0x00000000d6c00000, 0x0000000100000000)
  eden space 20480K, 0% used [0x00000000d5580000,0x00000000d5580000,0x00000000d6980000)
  from space 1024K, 74% used [0x00000000d6a00000,0x00000000d6abf570,0x00000000d6b00000)
  to   space 1024K, 0% used [0x00000000d6b00000,0x00000000d6b00000,0x00000000d6c00000)
 ParOldGen       total 68608K, used 42259K [0x0000000080000000, 0x0000000084300000, 0x00000000d5580000)
  object space 68608K, 61% used [0x0000000080000000,0x0000000082944e28,0x0000000084300000)
 Metaspace       used 60868K, committed 62208K, reserved 1114112K
  class space    used 6625K, committed 7232K, reserved 1048576K
}
Event: 59.142 GC heap before
{Heap before GC invocations=37 (full 3):
 PSYoungGen      total 21504K, used 21245K [0x00000000d5580000, 0x00000000d6c00000, 0x0000000100000000)
  eden space 20480K, 100% used [0x00000000d5580000,0x00000000d6980000,0x00000000d6980000)
  from space 1024K, 74% used [0x00000000d6a00000,0x00000000d6abf570,0x00000000d6b00000)
  to   space 1024K, 0% used [0x00000000d6b00000,0x00000000d6b00000,0x00000000d6c00000)
 ParOldGen       total 68608K, used 42259K [0x0000000080000000, 0x0000000084300000, 0x00000000d5580000)
  object space 68608K, 61% used [0x0000000080000000,0x0000000082944e28,0x0000000084300000)
 Metaspace       used 60894K, committed 62208K, reserved 1114112K
  class space    used 6630K, committed 7232K, reserved 1048576K
}
Event: 59.145 GC heap after
{Heap after GC invocations=37 (full 3):
 PSYoungGen      total 21504K, used 882K [0x00000000d5580000, 0x00000000d6c00000, 0x0000000100000000)
  eden space 20480K, 0% used [0x00000000d5580000,0x00000000d5580000,0x00000000d6980000)
  from space 1024K, 86% used [0x00000000d6b00000,0x00000000d6bdc868,0x00000000d6c00000)
  to   space 1024K, 0% used [0x00000000d6a00000,0x00000000d6a00000,0x00000000d6b00000)
 ParOldGen       total 68608K, used 43152K [0x0000000080000000, 0x0000000084300000, 0x00000000d5580000)
  object space 68608K, 62% used [0x0000000080000000,0x0000000082a24098,0x0000000084300000)
 Metaspace       used 60894K, committed 62208K, reserved 1114112K
  class space    used 6630K, committed 7232K, reserved 1048576K
}
Event: 59.348 GC heap before
{Heap before GC invocations=38 (full 3):
 PSYoungGen      total 21504K, used 21362K [0x00000000d5580000, 0x00000000d6c00000, 0x0000000100000000)
  eden space 20480K, 100% used [0x00000000d5580000,0x00000000d6980000,0x00000000d6980000)
  from space 1024K, 86% used [0x00000000d6b00000,0x00000000d6bdc868,0x00000000d6c00000)
  to   space 1024K, 0% used [0x00000000d6a00000,0x00000000d6a00000,0x00000000d6b00000)
 ParOldGen       total 68608K, used 43152K [0x0000000080000000, 0x0000000084300000, 0x00000000d5580000)
  object space 68608K, 62% used [0x0000000080000000,0x0000000082a24098,0x0000000084300000)
 Metaspace       used 60901K, committed 62208K, reserved 1114112K
  class space    used 6630K, committed 7232K, reserved 1048576K
}
Event: 59.349 GC heap after
{Heap after GC invocations=38 (full 3):
 PSYoungGen      total 21504K, used 877K [0x00000000d5580000, 0x00000000d6b80000, 0x0000000100000000)
  eden space 20480K, 0% used [0x00000000d5580000,0x00000000d5580000,0x00000000d6980000)
  from space 1024K, 85% used [0x00000000d6a00000,0x00000000d6adb6b8,0x00000000d6b00000)
  to   space 512K, 0% used [0x00000000d6b00000,0x00000000d6b00000,0x00000000d6b80000)
 ParOldGen       total 68608K, used 43774K [0x0000000080000000, 0x0000000084300000, 0x00000000d5580000)
  object space 68608K, 63% used [0x0000000080000000,0x0000000082abf9d8,0x0000000084300000)
 Metaspace       used 60901K, committed 62208K, reserved 1114112K
  class space    used 6630K, committed 7232K, reserved 1048576K
}
Event: 59.616 GC heap before
{Heap before GC invocations=39 (full 3):
 PSYoungGen      total 21504K, used 21357K [0x00000000d5580000, 0x00000000d6b80000, 0x0000000100000000)
  eden space 20480K, 100% used [0x00000000d5580000,0x00000000d6980000,0x00000000d6980000)
  from space 1024K, 85% used [0x00000000d6a00000,0x00000000d6adb6b8,0x00000000d6b00000)
  to   space 512K, 0% used [0x00000000d6b00000,0x00000000d6b00000,0x00000000d6b80000)
 ParOldGen       total 68608K, used 43774K [0x0000000080000000, 0x0000000084300000, 0x00000000d5580000)
  object space 68608K, 63% used [0x0000000080000000,0x0000000082abf9d8,0x0000000084300000)
 Metaspace       used 61064K, committed 62336K, reserved 1114112K
  class space    used 6657K, committed 7232K, reserved 1048576K
}

