# JRE version: OpenJDK Runtime Environment Temurin-21.0.12.1+1 (21.0.12.1+1) (build 21.0.12.1+1-LTS)
# Java VM: OpenJDK 64-Bit Server VM Temurin-21.0.12.1+1 (21.0.12.1+1-LTS, mixed mode, sharing, tiered, compressed oops, compressed class ptrs, parallel gc, windows-amd64)
GC Precious Log:
 CardTable entry size: 512
 CPUs: 16 total, 16 available
 Memory: 14182M
 Large Page Support: Disabled
 NUMA Support: Disabled
 Compressed Oops: Enabled (32-bit)
 Alignments: Space 512K, Generation 512K, Heap 2M
 Heap Min Capacity: 100M
 Heap Initial Capacity: 100M
 Heap Max Capacity: 2G
 Pre-touch: Disabled
 Parallel Workers: 13
Heap:
 PSYoungGen      total 14848K, used 3207K [0x00000000d5580000, 0x00000000d6500000, 0x0000000100000000)
  eden space 14336K, 19% used [0x00000000d5580000,0x00000000d5829f28,0x00000000d6380000)
  from space 512K, 93% used [0x00000000d6480000,0x00000000d64f8000,0x00000000d6500000)
  to   space 512K, 0% used [0x00000000d6380000,0x00000000d6380000,0x00000000d6400000)
 ParOldGen       total 102400K, used 101995K [0x0000000080000000, 0x0000000086400000, 0x00000000d5580000)
  object space 102400K, 99% used [0x0000000080000000,0x000000008639ae20,0x0000000086400000)
 Metaspace       used 74687K, committed 76096K, reserved 1179648K
  class space    used 8211K, committed 8832K, reserved 1048576K
GC Heap History (20 events):
Event: 28.928 GC heap before
{Heap before GC invocations=151 (full 3):
 PSYoungGen      total 15872K, used 15764K [0x00000000d5580000, 0x00000000d6700000, 0x0000000100000000)
  eden space 14848K, 100% used [0x00000000d5580000,0x00000000d6400000,0x00000000d6400000)
  from space 1024K, 89% used [0x00000000d6400000,0x00000000d64e5200,0x00000000d6500000)
  to   space 1536K, 0% used [0x00000000d6580000,0x00000000d6580000,0x00000000d6700000)
 ParOldGen       total 99328K, used 98904K [0x0000000080000000, 0x0000000086100000, 0x00000000d5580000)
  object space 99328K, 99% used [0x0000000080000000,0x0000000086096028,0x0000000086100000)
 Metaspace       used 73586K, committed 75008K, reserved 1179648K
  class space    used 8123K, committed 8768K, reserved 1048576K
}
Event: 28.930 GC heap after
{Heap after GC invocations=151 (full 3):
 PSYoungGen      total 16384K, used 980K [0x00000000d5580000, 0x00000000d6700000, 0x0000000100000000)
  eden space 14848K, 0% used [0x00000000d5580000,0x00000000d5580000,0x00000000d6400000)
  from space 1536K, 63% used [0x00000000d6580000,0x00000000d6675200,0x00000000d6700000)
  to   space 1536K, 0% used [0x00000000d6400000,0x00000000d6400000,0x00000000d6580000)
 ParOldGen       total 99840K, used 99472K [0x0000000080000000, 0x0000000086180000, 0x00000000d5580000)
  object space 99840K, 99% used [0x0000000080000000,0x0000000086124028,0x0000000086180000)
 Metaspace       used 73586K, committed 75008K, reserved 1179648K
  class space    used 8123K, committed 8768K, reserved 1048576K
}
Event: 29.051 GC heap before
{Heap before GC invocations=152 (full 3):
 PSYoungGen      total 16384K, used 15828K [0x00000000d5580000, 0x00000000d6700000, 0x0000000100000000)
  eden space 14848K, 100% used [0x00000000d5580000,0x00000000d6400000,0x00000000d6400000)
  from space 1536K, 63% used [0x00000000d6580000,0x00000000d6675200,0x00000000d6700000)
  to   space 1536K, 0% used [0x00000000d6400000,0x00000000d6400000,0x00000000d6580000)
 ParOldGen       total 99840K, used 99472K [0x0000000080000000, 0x0000000086180000, 0x00000000d5580000)
  object space 99840K, 99% used [0x0000000080000000,0x0000000086124028,0x0000000086180000)
 Metaspace       used 73773K, committed 75200K, reserved 1179648K
  class space    used 8135K, committed 8768K, reserved 1048576K
}
Event: 29.053 GC heap after
{Heap after GC invocations=152 (full 3):
 PSYoungGen      total 15872K, used 548K [0x00000000d5580000, 0x00000000d6600000, 0x0000000100000000)
  eden space 14848K, 0% used [0x00000000d5580000,0x00000000d5580000,0x00000000d6400000)
  from space 1024K, 53% used [0x00000000d6400000,0x00000000d6489210,0x00000000d6500000)
  to   space 1024K, 0% used [0x00000000d6500000,0x00000000d6500000,0x00000000d6600000)
 ParOldGen       total 99840K, used 99592K [0x0000000080000000, 0x0000000086180000, 0x00000000d5580000)
  object space 99840K, 99% used [0x0000000080000000,0x0000000086142028,0x0000000086180000)
 Metaspace       used 73773K, committed 75200K, reserved 1179648K
  class space    used 8135K, committed 8768K, reserved 1048576K
}
Event: 29.198 GC heap before
{Heap before GC invocations=153 (full 3):
 PSYoungGen      total 15872K, used 15396K [0x00000000d5580000, 0x00000000d6600000, 0x0000000100000000)
  eden space 14848K, 100% used [0x00000000d5580000,0x00000000d6400000,0x00000000d6400000)
  from space 1024K, 53% used [0x00000000d6400000,0x00000000d6489210,0x00000000d6500000)
  to   space 1024K, 0% used [0x00000000d6500000,0x00000000d6500000,0x00000000d6600000)
 ParOldGen       total 99840K, used 99592K [0x0000000080000000, 0x0000000086180000, 0x00000000d5580000)
  object space 99840K, 99% used [0x0000000080000000,0x0000000086142028,0x0000000086180000)
 Metaspace       used 73793K, committed 75264K, reserved 1179648K
  class space    used 8135K, committed 8768K, reserved 1048576K
}
Event: 29.200 GC heap after
{Heap after GC invocations=153 (full 3):
 PSYoungGen      total 15872K, used 938K [0x00000000d5580000, 0x00000000d6600000, 0x0000000100000000)
  eden space 14848K, 0% used [0x00000000d5580000,0x00000000d5580000,0x00000000d6400000)
  from space 1024K, 91% used [0x00000000d6500000,0x00000000d65ea910,0x00000000d6600000)
  to   space 1024K, 0% used [0x00000000d6400000,0x00000000d6400000,0x00000000d6500000)
 ParOldGen       total 99840K, used 99704K [0x0000000080000000, 0x0000000086180000, 0x00000000d5580000)
  object space 99840K, 99% used [0x0000000080000000,0x000000008615e028,0x0000000086180000)
 Metaspace       used 73793K, committed 75264K, reserved 1179648K
  class space    used 8135K, committed 8768K, reserved 1048576K
}
Event: 29.378 GC heap before
{Heap before GC invocations=154 (full 3):
 PSYoungGen      total 15872K, used 15786K [0x00000000d5580000, 0x00000000d6600000, 0x0000000100000000)
  eden space 14848K, 100% used [0x00000000d5580000,0x00000000d6400000,0x00000000d6400000)
  from space 1024K, 91% used [0x00000000d6500000,0x00000000d65ea910,0x00000000d6600000)
  to   space 1024K, 0% used [0x00000000d6400000,0x00000000d6400000,0x00000000d6500000)
 ParOldGen       total 99840K, used 99704K [0x0000000080000000, 0x0000000086180000, 0x00000000d5580000)
  object space 99840K, 99% used [0x0000000080000000,0x000000008615e028,0x0000000086180000)
 Metaspace       used 73841K, committed 75328K, reserved 1179648K
  class space    used 8135K, committed 8768K, reserved 1048576K
}
Event: 29.380 GC heap after
{Heap after GC invocations=154 (full 3):
 PSYoungGen      total 15872K, used 1012K [0x00000000d5580000, 0x00000000d6700000, 0x0000000100000000)
  eden space 14848K, 0% used [0x00000000d5580000,0x00000000d5580000,0x00000000d6400000)
  from space 1024K, 98% used [0x00000000d6400000,0x00000000d64fd200,0x00000000d6500000)
  to   space 1536K, 0% used [0x00000000d6580000,0x00000000d6580000,0x00000000d6700000)
 ParOldGen       total 99840K, used 99808K [0x0000000080000000, 0x0000000086180000, 0x00000000d5580000)
  object space 99840K, 99% used [0x0000000080000000,0x0000000086178028,0x0000000086180000)
 Metaspace       used 73841K, committed 75328K, reserved 1179648K
  class space    used 8135K, committed 8768K, reserved 1048576K
}
Event: 29.651 GC heap before
{Heap before GC invocations=155 (full 3):
 PSYoungGen      total 15872K, used 15860K [0x00000000d5580000, 0x00000000d6700000, 0x0000000100000000)
  eden space 14848K, 100% used [0x00000000d5580000,0x00000000d6400000,0x00000000d6400000)
  from space 1024K, 98% used [0x00000000d6400000,0x00000000d64fd200,0x00000000d6500000)
  to   space 1536K, 0% used [0x00000000d6580000,0x00000000d6580000,0x00000000d6700000)
 ParOldGen       total 99840K, used 99808K [0x0000000080000000, 0x0000000086180000, 0x00000000d5580000)
  object space 99840K, 99% used [0x0000000080000000,0x0000000086178028,0x0000000086180000)
 Metaspace       used 73882K, committed 75328K, reserved 1179648K
  class space    used 8135K, committed 8768K, reserved 1048576K
}
Event: 29.654 GC heap after
{Heap after GC invocations=155 (full 3):
 PSYoungGen      total 16384K, used 1012K [0x00000000d5580000, 0x00000000d6700000, 0x0000000100000000)
  eden space 14848K, 0% used [0x00000000d5580000,0x00000000d5580000,0x00000000d6400000)
  from space 1536K, 65% used [0x00000000d6580000,0x00000000d667d200,0x00000000d6700000)
  to   space 1536K, 0% used [0x00000000d6400000,0x00000000d6400000,0x00000000d6580000)
 ParOldGen       total 100864K, used 100569K [0x0000000080000000, 0x0000000086280000, 0x00000000d5580000)
  object space 100864K, 99% used [0x0000000080000000,0x0000000086236740,0x0000000086280000)
 Metaspace       used 73882K, committed 75328K, reserved 1179648K
  class space    used 8135K, committed 8768K, reserved 1048576K
}
Event: 29.971 GC heap before
{Heap before GC invocations=156 (full 3):
 PSYoungGen      total 16384K, used 15860K [0x00000000d5580000, 0x00000000d6700000, 0x0000000100000000)
  eden space 14848K, 100% used [0x00000000d5580000,0x00000000d6400000,0x00000000d6400000)
  from space 1536K, 65% used [0x00000000d6580000,0x00000000d667d200,0x00000000d6700000)
  to   space 1536K, 0% used [0x00000000d6400000,0x00000000d6400000,0x00000000d6580000)
 ParOldGen       total 100864K, used 100569K [0x0000000080000000, 0x0000000086280000, 0x00000000d5580000)
  object space 100864K, 99% used [0x0000000080000000,0x0000000086236740,0x0000000086280000)
 Metaspace       used 73951K, committed 75392K, reserved 1179648K
  class space    used 8136K, committed 8768K, reserved 1048576K
}
Event: 29.978 GC heap after
{Heap after GC invocations=156 (full 3):
 PSYoungGen      total 15360K, used 448K [0x00000000d5580000, 0x00000000d6600000, 0x0000000100000000)
  eden space 14848K, 0% used [0x00000000d5580000,0x00000000d5580000,0x00000000d6400000)
  from space 512K, 87% used [0x00000000d6400000,0x00000000d6470000,0x00000000d6480000)
  to   space 1024K, 0% used [0x00000000d6500000,0x00000000d6500000,0x00000000d6600000)
 ParOldGen       total 100864K, used 100649K [0x0000000080000000, 0x0000000086280000, 0x00000000d5580000)
  object space 100864K, 99% used [0x0000000080000000,0x000000008624a740,0x0000000086280000)
 Metaspace       used 73951K, committed 75392K, reserved 1179648K
  class space    used 8136K, committed 8768K, reserved 1048576K
}
Event: 30.305 GC heap before
{Heap before GC invocations=157 (full 3):
 PSYoungGen      total 15360K, used 15296K [0x00000000d5580000, 0x00000000d6600000, 0x0000000100000000)
  eden space 14848K, 100% used [0x00000000d5580000,0x00000000d6400000,0x00000000d6400000)
  from space 512K, 87% used [0x00000000d6400000,0x00000000d6470000,0x00000000d6480000)
  to   space 1024K, 0% used [0x00000000d6500000,0x00000000d6500000,0x00000000d6600000)
 ParOldGen       total 100864K, used 100649K [0x0000000080000000, 0x0000000086280000, 0x00000000d5580000)
  object space 100864K, 99% used [0x0000000080000000,0x000000008624a740,0x0000000086280000)
 Metaspace       used 73995K, committed 75456K, reserved 1179648K
  class space    used 8136K, committed 8768K, reserved 1048576K
}
Event: 30.307 GC heap after
{Heap after GC invocations=157 (full 3):
 PSYoungGen      total 15360K, used 474K [0x00000000d5580000, 0x00000000d6580000, 0x0000000100000000)
  eden space 14848K, 0% used [0x00000000d5580000,0x00000000d5580000,0x00000000d6400000)
  from space 512K, 92% used [0x00000000d6500000,0x00000000d6576900,0x00000000d6580000)
  to   space 512K, 0% used [0x00000000d6400000,0x00000000d6400000,0x00000000d6480000)
 ParOldGen       total 100864K, used 100745K [0x0000000080000000, 0x0000000086280000, 0x00000000d5580000)
  object space 100864K, 99% used [0x0000000080000000,0x0000000086262740,0x0000000086280000)
 Metaspace       used 73995K, committed 75456K, reserved 1179648K
  class space    used 8136K, committed 8768K, reserved 1048576K
}
Event: 30.810 GC heap before
{Heap before GC invocations=158 (full 3):
 PSYoungGen      total 15360K, used 15322K [0x00000000d5580000, 0x00000000d6580000, 0x0000000100000000)
  eden space 14848K, 100% used [0x00000000d5580000,0x00000000d6400000,0x00000000d6400000)
  from space 512K, 92% used [0x00000000d6500000,0x00000000d6576900,0x00000000d6580000)
  to   space 512K, 0% used [0x00000000d6400000,0x00000000d6400000,0x00000000d6480000)
 ParOldGen       total 100864K, used 100745K [0x0000000080000000, 0x0000000086280000, 0x00000000d5580000)
  object space 100864K, 99% used [0x0000000080000000,0x0000000086262740,0x0000000086280000)
 Metaspace       used 74026K, committed 75456K, reserved 1179648K
  class space    used 8140K, committed 8768K, reserved 1048576K
}
Event: 32.822 GC heap after
{Heap after GC invocations=158 (full 3):
 PSYoungGen      total 15360K, used 496K [0x00000000d5580000, 0x00000000d6600000, 0x0000000100000000)
  eden space 14848K, 0% used [0x00000000d5580000,0x00000000d5580000,0x00000000d6400000)
  from space 512K, 96% used [0x00000000d6400000,0x00000000d647c010,0x00000000d6480000)
  to   space 1024K, 0% used [0x00000000d6500000,0x00000000d6500000,0x00000000d6600000)
 ParOldGen       total 101376K, used 100906K [0x0000000080000000, 0x0000000086300000, 0x00000000d5580000)
  object space 101376K, 99% used [0x0000000080000000,0x000000008628abe0,0x0000000086300000)
 Metaspace       used 74026K, committed 75456K, reserved 1179648K
  class space    used 8140K, committed 8768K, reserved 1048576K
}
Event: 33.212 GC heap before
{Heap before GC invocations=159 (full 3):
 PSYoungGen      total 15360K, used 15344K [0x00000000d5580000, 0x00000000d6600000, 0x0000000100000000)
  eden space 14848K, 100% used [0x00000000d5580000,0x00000000d6400000,0x00000000d6400000)
  from space 512K, 96% used [0x00000000d6400000,0x00000000d647c010,0x00000000d6480000)
  to   space 1024K, 0% used [0x00000000d6500000,0x00000000d6500000,0x00000000d6600000)
 ParOldGen       total 101376K, used 100906K [0x0000000080000000, 0x0000000086300000, 0x00000000d5580000)
  object space 101376K, 99% used [0x0000000080000000,0x000000008628abe0,0x0000000086300000)
 Metaspace       used 74628K, committed 76032K, reserved 1179648K
  class space    used 8209K, committed 8832K, reserved 1048576K
}
Event: 33.213 GC heap after
{Heap after GC invocations=159 (full 3):
 PSYoungGen      total 15360K, used 1012K [0x00000000d5580000, 0x00000000d6700000, 0x0000000100000000)
  eden space 14336K, 0% used [0x00000000d5580000,0x00000000d5580000,0x00000000d6380000)
  from space 1024K, 98% used [0x00000000d6500000,0x00000000d65fd200,0x00000000d6600000)
  to   space 1536K, 0% used [0x00000000d6380000,0x00000000d6380000,0x00000000d6500000)
 ParOldGen       total 101376K, used 101050K [0x0000000080000000, 0x0000000086300000, 0x00000000d5580000)
  object space 101376K, 99% used [0x0000000080000000,0x00000000862aebe0,0x0000000086300000)
 Metaspace       used 74628K, committed 76032K, reserved 1179648K
  class space    used 8209K, committed 8832K, reserved 1048576K
}
Event: 33.484 GC heap before
{Heap before GC invocations=160 (full 3):
 PSYoungGen      total 15360K, used 15348K [0x00000000d5580000, 0x00000000d6700000, 0x0000000100000000)
  eden space 14336K, 100% used [0x00000000d5580000,0x00000000d6380000,0x00000000d6380000)
  from space 1024K, 98% used [0x00000000d6500000,0x00000000d65fd200,0x00000000d6600000)
  to   space 1536K, 0% used [0x00000000d6380000,0x00000000d6380000,0x00000000d6500000)
 ParOldGen       total 101376K, used 101050K [0x0000000080000000, 0x0000000086300000, 0x00000000d5580000)
  object space 101376K, 99% used [0x0000000080000000,0x00000000862aebe0,0x0000000086300000)
 Metaspace       used 74634K, committed 76032K, reserved 1179648K
  class space    used 8209K, committed 8832K, reserved 1048576K
}
Event: 33.486 GC heap after
{Heap after GC invocations=160 (full 3):
 PSYoungGen      total 14848K, used 384K [0x00000000d5580000, 0x00000000d6580000, 0x0000000100000000)
  eden space 14336K, 0% used [0x00000000d5580000,0x00000000d5580000,0x00000000d6380000)
  from space 512K, 75% used [0x00000000d6380000,0x00000000d63e0000,0x00000000d6400000)
  to   space 1024K, 0% used [0x00000000d6480000,0x00000000d6480000,0x00000000d6580000)
 ParOldGen       total 101888K, used 101883K [0x0000000080000000, 0x0000000086380000, 0x00000000d5580000)
  object space 101888K, 99% used [0x0000000080000000,0x000000008637ee20,0x0000000086380000)
 Metaspace       used 74634K, committed 76032K, reserved 1179648K
  class space    used 8209K, committed 8832K, reserved 1048576K
}

