# JRE version: OpenJDK Runtime Environment Temurin-21.0.12.1+1 (21.0.12.1+1) (build 21.0.12.1+1-LTS)
# Java VM: OpenJDK 64-Bit Server VM Temurin-21.0.12.1+1 (21.0.12.1+1-LTS, mixed mode, sharing, tiered, compressed oops, compressed class ptrs, g1 gc, windows-amd64)
GC Precious Log:
 CardTable entry size: 512
 Card Set container configuration: InlinePtr #cards 5 size 8 Array Of Cards #cards 12 size 40 Howl #buckets 4 coarsen threshold 1843 Howl Bitmap #cards 512 size 80 coarsen threshold 460 Card regions per heap region 1 cards per card region 2048
 CPUs: 16 total, 16 available
 Memory: 14182M
 Large Page Support: Disabled
 NUMA Support: Disabled
 Compressed Oops: Enabled (32-bit)
 Heap Region Size: 1M
 Heap Min Capacity: 256M
 Heap Initial Capacity: 256M
 Heap Max Capacity: 512M
 Pre-touch: Disabled
 Parallel Workers: 13
 Concurrent Workers: 3
 Concurrent Refinement Workers: 13
 Periodic GC: Disabled
Heap:
 garbage-first heap   total 262144K, used 99533K [0x00000000e0000000, 0x0000000100000000)
  region size 1024K, 85 young (87040K), 16 survivors (16384K)
 Metaspace       used 43077K, committed 44800K, reserved 393216K
  class space    used 6347K, committed 7168K, reserved 327680K
GC Heap History (10 events):
Event: 2.460 GC heap before
{Heap before GC invocations=0 (full 0):
 garbage-first heap   total 262144K, used 26624K [0x00000000e0000000, 0x0000000100000000)
  region size 1024K, 23 young (23552K), 0 survivors (0K)
 Metaspace       used 2721K, committed 2880K, reserved 393216K
  class space    used 316K, committed 384K, reserved 327680K
}
Event: 3.181 GC heap after
{Heap after GC invocations=1 (full 0):
 garbage-first heap   total 262144K, used 10638K [0x00000000e0000000, 0x0000000100000000)
  region size 1024K, 3 young (3072K), 3 survivors (3072K)
 Metaspace       used 2721K, committed 2880K, reserved 393216K
  class space    used 316K, committed 384K, reserved 327680K
}
Event: 4.556 GC heap before
{Heap before GC invocations=1 (full 0):
 garbage-first heap   total 262144K, used 39310K [0x00000000e0000000, 0x0000000100000000)
  region size 1024K, 30 young (30720K), 3 survivors (3072K)
 Metaspace       used 4655K, committed 4864K, reserved 393216K
  class space    used 591K, committed 704K, reserved 327680K
}
Event: 4.563 GC heap after
{Heap after GC invocations=2 (full 0):
 garbage-first heap   total 262144K, used 13823K [0x00000000e0000000, 0x0000000100000000)
  region size 1024K, 3 young (3072K), 3 survivors (3072K)
 Metaspace       used 4655K, committed 4864K, reserved 393216K
  class space    used 591K, committed 704K, reserved 327680K
}
Event: 25.759 GC heap before
{Heap before GC invocations=2 (full 0):
 garbage-first heap   total 262144K, used 123391K [0x00000000e0000000, 0x0000000100000000)
  region size 1024K, 110 young (112640K), 3 survivors (3072K)
 Metaspace       used 20492K, committed 21120K, reserved 393216K
  class space    used 2894K, committed 3200K, reserved 327680K
}
Event: 25.884 GC heap after
{Heap after GC invocations=3 (full 0):
 garbage-first heap   total 262144K, used 23470K [0x00000000e0000000, 0x0000000100000000)
  region size 1024K, 12 young (12288K), 12 survivors (12288K)
 Metaspace       used 20492K, committed 21120K, reserved 393216K
  class space    used 2894K, committed 3200K, reserved 327680K
}
Event: 27.072 GC heap before
{Heap before GC invocations=3 (full 0):
 garbage-first heap   total 262144K, used 26542K [0x00000000e0000000, 0x0000000100000000)
  region size 1024K, 16 young (16384K), 12 survivors (12288K)
 Metaspace       used 20901K, committed 21504K, reserved 393216K
  class space    used 2966K, committed 3264K, reserved 327680K
}
Event: 27.081 GC heap after
{Heap after GC invocations=4 (full 0):
 garbage-first heap   total 262144K, used 24019K [0x00000000e0000000, 0x0000000100000000)
  region size 1024K, 11 young (11264K), 11 survivors (11264K)
 Metaspace       used 20901K, committed 21504K, reserved 393216K
  class space    used 2966K, committed 3264K, reserved 327680K
}
Event: 37.636 GC heap before
{Heap before GC invocations=5 (full 0):
 garbage-first heap   total 262144K, used 126419K [0x00000000e0000000, 0x0000000100000000)
  region size 1024K, 111 young (113664K), 11 survivors (11264K)
 Metaspace       used 34632K, committed 35968K, reserved 393216K
  class space    used 4977K, committed 5632K, reserved 327680K
}
Event: 37.647 GC heap after
{Heap after GC invocations=6 (full 0):
 garbage-first heap   total 262144K, used 29901K [0x00000000e0000000, 0x0000000100000000)
  region size 1024K, 16 young (16384K), 16 survivors (16384K)
 Metaspace       used 34632K, committed 35968K, reserved 393216K
  class space    used 4977K, committed 5632K, reserved 327680K
}

