# JRE version: OpenJDK Runtime Environment Temurin-21.0.12.1+1 (21.0.12.1+1) (build 21.0.12.1+1-LTS)
# Java VM: OpenJDK 64-Bit Server VM Temurin-21.0.12.1+1 (21.0.12.1+1-LTS, mixed mode, sharing, tiered, compressed oops, compressed class ptrs, g1 gc, windows-amd64)
GC Precious Log:
 CardTable entry size: 512
 Card Set container configuration: InlinePtr #cards 5 size 8 Array Of Cards #cards 12 size 40 Howl #buckets 4 coarsen threshold 1843 Howl Bitmap #cards 512 size 80 coarsen threshold 460 Card regions per heap region 1 cards per card region 2048
 CPUs: 16 total, 16 available
 Memory: 14182M
 Large Page Support: Disabled
 NUMA Support: Disabled
 Compressed Oops: Enabled (32-bit)
 Heap Region Size: 1M
 Heap Min Capacity: 256M
 Heap Initial Capacity: 256M
 Heap Max Capacity: 512M
 Pre-touch: Disabled
 Parallel Workers: 13
 Concurrent Workers: 3
 Concurrent Refinement Workers: 13
 Periodic GC: Disabled
Heap:
 garbage-first heap   total 262144K, used 61550K [0x00000000e0000000, 0x0000000100000000)
  region size 1024K, 39 young (39936K), 8 survivors (8192K)
 Metaspace       used 38192K, committed 39744K, reserved 393216K
  class space    used 5501K, committed 6272K, reserved 327680K
GC Heap History (14 events):
Event: 31.453 GC heap before
{Heap before GC invocations=0 (full 0):
 garbage-first heap   total 262144K, used 26624K [0x00000000e0000000, 0x0000000100000000)
  region size 1024K, 23 young (23552K), 0 survivors (0K)
 Metaspace       used 2620K, committed 2752K, reserved 393216K
  class space    used 305K, committed 384K, reserved 327680K
}
Event: 31.459 GC heap after
{Heap after GC invocations=1 (full 0):
 garbage-first heap   total 262144K, used 10816K [0x00000000e0000000, 0x0000000100000000)
  region size 1024K, 3 young (3072K), 3 survivors (3072K)
 Metaspace       used 2620K, committed 2752K, reserved 393216K
  class space    used 305K, committed 384K, reserved 327680K
}
Event: 44.650 GC heap before
{Heap before GC invocations=1 (full 0):
 garbage-first heap   total 262144K, used 39488K [0x00000000e0000000, 0x0000000100000000)
  region size 1024K, 31 young (31744K), 3 survivors (3072K)
 Metaspace       used 4633K, committed 4864K, reserved 393216K
  class space    used 590K, committed 704K, reserved 327680K
}
Event: 44.660 GC heap after
{Heap after GC invocations=2 (full 0):
 garbage-first heap   total 262144K, used 15131K [0x00000000e0000000, 0x0000000100000000)
  region size 1024K, 3 young (3072K), 3 survivors (3072K)
 Metaspace       used 4633K, committed 4864K, reserved 393216K
  class space    used 590K, committed 704K, reserved 327680K
}
Event: 117.287 GC heap before
{Heap before GC invocations=2 (full 0):
 garbage-first heap   total 262144K, used 121627K [0x00000000e0000000, 0x0000000100000000)
  region size 1024K, 106 young (108544K), 3 survivors (3072K)
 Metaspace       used 18890K, committed 19520K, reserved 393216K
  class space    used 2629K, committed 2944K, reserved 327680K
}
Event: 117.553 GC heap after
{Heap after GC invocations=3 (full 0):
 garbage-first heap   total 262144K, used 23359K [0x00000000e0000000, 0x0000000100000000)
  region size 1024K, 11 young (11264K), 11 survivors (11264K)
 Metaspace       used 18890K, committed 19520K, reserved 393216K
  class space    used 2629K, committed 2944K, reserved 327680K
}
Event: 118.149 GC heap before
{Heap before GC invocations=3 (full 0):
 garbage-first heap   total 262144K, used 37695K [0x00000000e0000000, 0x0000000100000000)
  region size 1024K, 26 young (26624K), 11 survivors (11264K)
 Metaspace       used 20843K, committed 21504K, reserved 393216K
  class space    used 2961K, committed 3264K, reserved 327680K
}
Event: 118.161 GC heap after
{Heap after GC invocations=4 (full 0):
 garbage-first heap   total 262144K, used 24803K [0x00000000e0000000, 0x0000000100000000)
  region size 1024K, 2 young (2048K), 2 survivors (2048K)
 Metaspace       used 20843K, committed 21504K, reserved 393216K
  class space    used 2961K, committed 3264K, reserved 327680K
}
Event: 123.432 GC heap before
{Heap before GC invocations=5 (full 0):
 garbage-first heap   total 262144K, used 126179K [0x00000000e0000000, 0x0000000100000000)
  region size 1024K, 101 young (103424K), 2 survivors (2048K)
 Metaspace       used 34648K, committed 35968K, reserved 393216K
  class space    used 4955K, committed 5632K, reserved 327680K
}
Event: 123.439 GC heap after
{Heap after GC invocations=6 (full 0):
 garbage-first heap   total 262144K, used 30102K [0x00000000e0000000, 0x0000000100000000)
  region size 1024K, 7 young (7168K), 7 survivors (7168K)
 Metaspace       used 34648K, committed 35968K, reserved 393216K
  class space    used 4955K, committed 5632K, reserved 327680K
}
Event: 123.539 GC heap before
{Heap before GC invocations=6 (full 0):
 garbage-first heap   total 262144K, used 31126K [0x00000000e0000000, 0x0000000100000000)
  region size 1024K, 9 young (9216K), 7 survivors (7168K)
 Metaspace       used 34933K, committed 36288K, reserved 393216K
  class space    used 4976K, committed 5696K, reserved 327680K
}
Event: 123.549 GC heap after
{Heap after GC invocations=7 (full 0):
 garbage-first heap   total 262144K, used 30588K [0x00000000e0000000, 0x0000000100000000)
  region size 1024K, 8 young (8192K), 8 survivors (8192K)
 Metaspace       used 34933K, committed 36288K, reserved 393216K
  class space    used 4976K, committed 5696K, reserved 327680K
}
Event: 123.670 GC heap before
{Heap before GC invocations=7 (full 0):
 garbage-first heap   total 262144K, used 32636K [0x00000000e0000000, 0x0000000100000000)
  region size 1024K, 11 young (11264K), 8 survivors (8192K)
 Metaspace       used 35282K, committed 36608K, reserved 393216K
  class space    used 5014K, committed 5696K, reserved 327680K
}
Event: 123.677 GC heap after
{Heap after GC invocations=8 (full 0):
 garbage-first heap   total 262144K, used 30830K [0x00000000e0000000, 0x0000000100000000)
  region size 1024K, 8 young (8192K), 8 survivors (8192K)
 Metaspace       used 35282K, committed 36608K, reserved 393216K
  class space    used 5014K, committed 5696K, reserved 327680K
}

